2021-07-13 12:04:45,078 INFO: Microblog startup [in C:\Users\ATandon\Documents\GitHub\coderepo\microblog\app\__init__.py:36]
2021-07-13 12:08:57,718 INFO: Microblog startup [in C:\Users\ATandon\Documents\GitHub\coderepo\microblog\app\__init__.py:36]
2021-07-13 12:17:03,497 INFO: Microblog startup [in C:\Users\ATandon\Documents\GitHub\coderepo\microblog\app\__init__.py:36]
2021-07-14 00:38:21,249 INFO: Microblog startup [in C:\Users\ATandon\Documents\GitHub\coderepo\microblog\app\__init__.py:40]
2021-07-14 00:38:26,566 ERROR: Exception on / [GET] [in c:\users\atandon\documents\github\coderepo\microblog\venv\lib\site-packages\flask\app.py:1454]
Traceback (most recent call last):
  File "c:\users\atandon\documents\github\coderepo\microblog\venv\lib\site-packages\flask\app.py", line 2070, in wsgi_app
    response = self.full_dispatch_request()
  File "c:\users\atandon\documents\github\coderepo\microblog\venv\lib\site-packages\flask\app.py", line 1515, in full_dispatch_request
    rv = self.handle_user_exception(e)
  File "c:\users\atandon\documents\github\coderepo\microblog\venv\lib\site-packages\flask\app.py", line 1513, in full_dispatch_request
    rv = self.dispatch_request()
  File "c:\users\atandon\documents\github\coderepo\microblog\venv\lib\site-packages\flask\app.py", line 1499, in dispatch_request
    return self.ensure_sync(self.view_functions[rule.endpoint])(**req.view_args)
  File "c:\users\atandon\documents\github\coderepo\microblog\venv\lib\site-packages\flask_login\utils.py", line 272, in decorated_view
    return func(*args, **kwargs)
  File "C:\Users\ATandon\Documents\GitHub\coderepo\microblog\app\routes.py", line 79, in index
    return render_template('index.html', title='Home', posts=posts)
  File "c:\users\atandon\documents\github\coderepo\microblog\venv\lib\site-packages\flask\templating.py", line 147, in render_template
    return _render(
  File "c:\users\atandon\documents\github\coderepo\microblog\venv\lib\site-packages\flask\templating.py", line 128, in _render
    rv = template.render(context)
  File "c:\users\atandon\documents\github\coderepo\microblog\venv\lib\site-packages\jinja2\environment.py", line 1304, in render
    self.environment.handle_exception()
  File "c:\users\atandon\documents\github\coderepo\microblog\venv\lib\site-packages\jinja2\environment.py", line 925, in handle_exception
    raise rewrite_traceback_stack(source=source)
  File "C:\Users\ATandon\Documents\GitHub\coderepo\microblog\app\templates\index.html", line 2, in top-level template code
    {% import 'bootstrap/wtf.html' as wtf %}
  File "c:\users\atandon\documents\github\coderepo\microblog\venv\lib\site-packages\flask\templating.py", line 59, in get_source
    return self._get_source_fast(environment, template)
  File "c:\users\atandon\documents\github\coderepo\microblog\venv\lib\site-packages\flask\templating.py", line 95, in _get_source_fast
    raise TemplateNotFound(template)
jinja2.exceptions.TemplateNotFound: bootstrap/wtf.html
2021-07-14 00:40:56,587 INFO: Microblog startup [in C:\Users\ATandon\Documents\GitHub\coderepo\microblog\app\__init__.py:40]
2021-07-14 00:41:02,044 ERROR: Exception on / [GET] [in c:\users\atandon\documents\github\coderepo\microblog\venv\lib\site-packages\flask\app.py:1454]
Traceback (most recent call last):
  File "c:\users\atandon\documents\github\coderepo\microblog\venv\lib\site-packages\flask\app.py", line 2070, in wsgi_app
    response = self.full_dispatch_request()
  File "c:\users\atandon\documents\github\coderepo\microblog\venv\lib\site-packages\flask\app.py", line 1515, in full_dispatch_request
    rv = self.handle_user_exception(e)
  File "c:\users\atandon\documents\github\coderepo\microblog\venv\lib\site-packages\flask\app.py", line 1513, in full_dispatch_request
    rv = self.dispatch_request()
  File "c:\users\atandon\documents\github\coderepo\microblog\venv\lib\site-packages\flask\app.py", line 1499, in dispatch_request
    return self.ensure_sync(self.view_functions[rule.endpoint])(**req.view_args)
  File "c:\users\atandon\documents\github\coderepo\microblog\venv\lib\site-packages\flask_login\utils.py", line 272, in decorated_view
    return func(*args, **kwargs)
  File "C:\Users\ATandon\Documents\GitHub\coderepo\microblog\app\routes.py", line 79, in index
    return render_template('index.html', title='Home', posts=posts)
  File "c:\users\atandon\documents\github\coderepo\microblog\venv\lib\site-packages\flask\templating.py", line 147, in render_template
    return _render(
  File "c:\users\atandon\documents\github\coderepo\microblog\venv\lib\site-packages\flask\templating.py", line 128, in _render
    rv = template.render(context)
  File "c:\users\atandon\documents\github\coderepo\microblog\venv\lib\site-packages\jinja2\environment.py", line 1304, in render
    self.environment.handle_exception()
  File "c:\users\atandon\documents\github\coderepo\microblog\venv\lib\site-packages\jinja2\environment.py", line 925, in handle_exception
    raise rewrite_traceback_stack(source=source)
  File "C:\Users\ATandon\Documents\GitHub\coderepo\microblog\app\templates\index.html", line 2, in top-level template code
    {% import 'bootstrap/wtf.html' as wtf %}
  File "C:\Users\ATandon\Documents\GitHub\coderepo\microblog\app\templates\base.html", line 1, in top-level template code
    {% extends 'bootstrap/base.html' %}
  File "c:\users\atandon\documents\github\coderepo\microblog\venv\lib\site-packages\flask_bootstrap\templates\bootstrap\base.html", line 1, in top-level template code
    {% block doc -%}
  File "c:\users\atandon\documents\github\coderepo\microblog\venv\lib\site-packages\flask_bootstrap\templates\bootstrap\base.html", line 4, in block 'doc'
    {%- block html %}
  File "c:\users\atandon\documents\github\coderepo\microblog\venv\lib\site-packages\flask_bootstrap\templates\bootstrap\base.html", line 20, in block 'html'
    {% block body -%}
  File "c:\users\atandon\documents\github\coderepo\microblog\venv\lib\site-packages\flask_bootstrap\templates\bootstrap\base.html", line 21, in block 'body'
    {% block navbar %}
  File "C:\Users\ATandon\Documents\GitHub\coderepo\microblog\app\templates\base.html", line 22, in block 'navbar'
    <li><a href="{{ url_for('explore') }}">Explore</a></li>
  File "c:\users\atandon\documents\github\coderepo\microblog\venv\lib\site-packages\flask\helpers.py", line 338, in url_for
    return appctx.app.handle_url_build_error(error, endpoint, values)
  File "c:\users\atandon\documents\github\coderepo\microblog\venv\lib\site-packages\flask\helpers.py", line 325, in url_for
    rv = url_adapter.build(
  File "c:\users\atandon\documents\github\coderepo\microblog\venv\lib\site-packages\werkzeug\routing.py", line 2305, in build
    raise BuildError(endpoint, values, method, self)
werkzeug.routing.BuildError: Could not build url for endpoint 'explore'. Did you mean 'edit_profile' instead?
2021-07-14 13:39:09,073 INFO: Microblog startup [in C:\Users\ATandon\Documents\GitHub\coderepo\microblog\app\__init__.py:40]
2021-07-22 03:19:25,865 INFO: Microblog startup [in C:\Users\ATandon\Documents\GitHub\coderepo\microblog\app\__init__.py:44]
2021-07-22 13:32:59,769 INFO: Microblog startup [in C:\Users\ATandon\Documents\GitHub\microblog\app\__init__.py:44]
2021-07-22 13:33:35,168 INFO: Microblog startup [in C:\Users\ATandon\Documents\GitHub\microblog\app\__init__.py:44]
